c:\dev\test\win64-console\x64\debug\win64-console.pch
c:\dev\test\win64-console\x64\debug\vc140.pdb
c:\dev\test\win64-console\x64\debug\vc140.idb
c:\dev\test\win64-console\x64\debug\stdafx.obj
c:\dev\test\win64-console\x64\debug\markup.obj
c:\dev\test\win64-console\x64\debug\recordinglight.obj
c:\dev\test\win64-console\x64\debug\rijndael.obj
c:\dev\test\win64-console\x64\debug\win64-console.obj
c:\dev\test\win64-console\x64\debug\xmlhelper.obj
c:\dev\test\win64-console\x64\debug\win64-console.pdb
c:\dev\test\win64-console\x64\debug\win64-console.tlog\cl.command.1.tlog
c:\dev\test\win64-console\x64\debug\win64-console.tlog\cl.read.1.tlog
c:\dev\test\win64-console\x64\debug\win64-console.tlog\cl.write.1.tlog
c:\dev\test\win64-console\x64\debug\win64-console.tlog\link-cvtres.read.1.tlog
c:\dev\test\win64-console\x64\debug\win64-console.tlog\link-cvtres.write.1.tlog
c:\dev\test\win64-console\x64\debug\win64-console.tlog\link-mt.read.1.tlog
c:\dev\test\win64-console\x64\debug\win64-console.tlog\link-mt.write.1.tlog
c:\dev\test\win64-console\x64\debug\win64-console.tlog\link-rc.read.1.tlog
c:\dev\test\win64-console\x64\debug\win64-console.tlog\link-rc.write.1.tlog
c:\dev\test\win64-console\x64\debug\win64-console.tlog\link.command.1.tlog
c:\dev\test\win64-console\x64\debug\win64-console.tlog\link.read.1.tlog
c:\dev\test\win64-console\x64\debug\win64-console.tlog\link.write.1.tlog
