  stdafx.cpp
  XMLHelper.cpp
  Win64-console.cpp
c:\dev\test\win64-console\VIQLog.hpp(218): warning C4244: '=': conversion from 'std::streamoff' to 'DWORD', possible loss of data
c:\dev\test\win64-console\zw_algorithm.hpp(56): warning C4244: 'initializing': conversion from 'double' to 'int', possible loss of data
c:\dev\test\win64-console\zw_algorithm.hpp(454): warning C4101: 'pre': unreferenced local variable
c:\dev\test\win64-console\zw_algorithm.hpp(545): warning C4101: 'highestBit': unreferenced local variable
c:\dev\test\win64-console\ms_test.hpp(173): warning C4267: 'initializing': conversion from 'size_t' to 'int', possible loss of data
c:\dev\test\win64-console\ms_test.hpp(190): warning C4267: 'initializing': conversion from 'size_t' to 'int', possible loss of data
c:\dev\test\win64-console\ms_test.hpp(207): warning C4267: 'initializing': conversion from 'size_t' to 'int', possible loss of data
Win64-console.cpp(81): warning C4996: 'strcpy': This function or variable may be unsafe. Consider using strcpy_s instead. To disable deprecation, use _CRT_SECURE_NO_WARNINGS. See online help for details.
  C:\Program Files (x86)\Windows Kits\10\Include\10.0.10240.0\ucrt\string.h(119): note: see declaration of 'strcpy'
Win64-console.cpp(153): warning C4996: 'gmtime': This function or variable may be unsafe. Consider using gmtime_s instead. To disable deprecation, use _CRT_SECURE_NO_WARNINGS. See online help for details.
  C:\Program Files (x86)\Windows Kits\10\Include\10.0.10240.0\ucrt\time.h(495): note: see declaration of 'gmtime'
Win64-console.cpp(201): warning C4101: 'size2': unreferenced local variable
Win64-console.cpp(236): warning C4996: 'strcpy': This function or variable may be unsafe. Consider using strcpy_s instead. To disable deprecation, use _CRT_SECURE_NO_WARNINGS. See online help for details.
  C:\Program Files (x86)\Windows Kits\10\Include\10.0.10240.0\ucrt\string.h(119): note: see declaration of 'strcpy'
Win64-console.cpp(254): warning C4996: 'strcpy': This function or variable may be unsafe. Consider using strcpy_s instead. To disable deprecation, use _CRT_SECURE_NO_WARNINGS. See online help for details.
  C:\Program Files (x86)\Windows Kits\10\Include\10.0.10240.0\ucrt\string.h(119): note: see declaration of 'strcpy'
  rijndael.cpp
rijndael.cpp(35): warning C4603: '_RIJNDAEL_CPP_': macro is not defined or definition is different after precompiled header use
  rijndael.cpp(35): note: Add macro to precompiled header instead of defining here
  rijndael.cpp(36): note: use of precompiled header
rijndael.cpp(1379): warning C4018: '<=': signed/unsigned mismatch
rijndael.cpp(1394): warning C4018: '<=': signed/unsigned mismatch
rijndael.cpp(1422): warning C4018: '<=': signed/unsigned mismatch
rijndael.cpp(1442): warning C4018: '<': signed/unsigned mismatch
rijndael.cpp(1480): warning C4018: '<': signed/unsigned mismatch
  RecordingLight.cpp
  Markup.cpp
Markup.cpp(443): warning C4267: '+=': conversion from 'size_t' to 'int', possible loss of data
Markup.cpp(496): warning C4267: '+=': conversion from 'size_t' to 'int', possible loss of data
Markup.cpp(627): warning C4267: 'initializing': conversion from 'size_t' to 'int', possible loss of data
Markup.cpp(645): warning C4267: '+=': conversion from 'size_t' to 'int', possible loss of data
Markup.cpp(644): warning C4996: 'strcpy': This function or variable may be unsafe. Consider using strcpy_s instead. To disable deprecation, use _CRT_SECURE_NO_WARNINGS. See online help for details.
  C:\Program Files (x86)\Windows Kits\10\Include\10.0.10240.0\ucrt\string.h(119): note: see declaration of 'strcpy'
Markup.cpp(705): warning C4267: '=': conversion from 'size_t' to 'int', possible loss of data
Markup.cpp(846): warning C4267: 'initializing': conversion from 'size_t' to 'int', possible loss of data
Markup.cpp(847): warning C4267: 'initializing': conversion from 'size_t' to 'int', possible loss of data
  Generating Code...
c:\dev\test\win64-console\zw_algorithm.hpp(210): warning C4715: 'BinarySearch': not all control paths return a value
c:\dev\test\win64-console\ms_test.hpp(68): warning C4715: 'CMSTest::CheckXInSortedArray': not all control paths return a value
LINK : fatal error LNK1104: cannot open file 'DelcomDLL64.lib'
